<?xml version="1.0" encoding="UTF-8"?>
<testng-results skipped="0" failed="0" ignored="0" total="1" passed="1">
  <reporter-output>
  </reporter-output>
  <suite name="Suite" duration-ms="16663" started-at="2018-03-06T01:28:37Z" finished-at="2018-03-06T01:28:53Z">
    <groups>
    </groups>
    <test name="Test" duration-ms="16663" started-at="2018-03-06T01:28:37Z" finished-at="2018-03-06T01:28:53Z">
      <class name="testPackage.NewTest">
        <test-method status="PASS" signature="beforeTest()[pri:0, instance:testPackage.NewTest@77b52d12]" name="beforeTest" is-config="true" duration-ms="13619" started-at="2018-03-06T01:28:37Z" finished-at="2018-03-06T01:28:50Z">
          <reporter-output>
          </reporter-output>
        </test-method> <!-- beforeTest -->
        <test-method status="PASS" signature="mavenTest()[pri:0, instance:testPackage.NewTest@77b52d12]" name="mavenTest" duration-ms="2359" started-at="2018-03-06T01:28:50Z" finished-at="2018-03-06T01:28:53Z">
          <reporter-output>
          </reporter-output>
        </test-method> <!-- mavenTest -->
        <test-method status="PASS" signature="afterTest()[pri:0, instance:testPackage.NewTest@77b52d12]" name="afterTest" is-config="true" duration-ms="660" started-at="2018-03-06T01:28:53Z" finished-at="2018-03-06T01:28:53Z">
          <reporter-output>
          </reporter-output>
        </test-method> <!-- afterTest -->
      </class> <!-- testPackage.NewTest -->
    </test> <!-- Test -->
  </suite> <!-- Suite -->
</testng-results>
